  TextBox.cpp
c:\users\user\desktop\widget\widget\widget\textbox\textbox.cpp(22): warning C4267: 'argument': conversion from 'size_t' to 'int', possible loss of data
c:\users\user\desktop\widget\widget\widget\textbox\textbox.cpp(30): warning C4267: 'argument': conversion from 'size_t' to 'int', possible loss of data
c:\users\user\desktop\widget\widget\widget\textbox\textbox.cpp(48): warning C4267: 'argument': conversion from 'size_t' to 'int', possible loss of data
TextBox.obj : error LNK2019: unresolved external symbol "public: void __cdecl Graphics::moveTo(int,int)" (?moveTo@Graphics@@QEAAXHH@Z) referenced in function "public: virtual void __cdecl TextBox::Draw(class Graphics,int,int,int)" (?Draw@TextBox@@UEAAXVGraphics@@HHH@Z)
TextBox.obj : error LNK2019: unresolved external symbol "public: void __cdecl Widget::SetFocusFlag(bool)" (?SetFocusFlag@Widget@@QEAAX_N@Z) referenced in function "public: __cdecl TextBox::TextBox(int)" (??0TextBox@@QEAA@H@Z)
TextBox.obj : error LNK2019: unresolved external symbol "public: int __cdecl Widget::GetCursorPosition(void)" (?GetCursorPosition@Widget@@QEAAHXZ) referenced in function "public: virtual void __cdecl TextBox::Draw(class Graphics,int,int,int)" (?Draw@TextBox@@UEAAXVGraphics@@HHH@Z)
TextBox.obj : error LNK2019: unresolved external symbol "public: void __cdecl Widget::SetCursorPosition(int)" (?SetCursorPosition@Widget@@QEAAXH@Z) referenced in function "public: virtual void __cdecl TextBox::KeyDown(int,char)" (?KeyDown@TextBox@@UEAAXHD@Z)
TextBox.obj : error LNK2019: unresolved external symbol "public: __cdecl Widget::Widget(int,int)" (??0Widget@@QEAA@HH@Z) referenced in function "public: __cdecl TextBox::TextBox(int)" (??0TextBox@@QEAA@H@Z)
TextBox.obj : error LNK2019: unresolved external symbol "public: void __cdecl Widget::SetEditable(bool)" (?SetEditable@Widget@@QEAAX_N@Z) referenced in function "public: __cdecl TextBox::TextBox(int)" (??0TextBox@@QEAA@H@Z)
TextBox.obj : error LNK2019: unresolved external symbol "public: int __cdecl Widget::GetWidth(void)" (?GetWidth@Widget@@QEAAHXZ) referenced in function "public: virtual void __cdecl TextBox::KeyDown(int,char)" (?KeyDown@TextBox@@UEAAXHD@Z)
TextBox.obj : error LNK2019: unresolved external symbol "public: int __cdecl Widget::GetX(void)" (?GetX@Widget@@QEAAHXZ) referenced in function "public: virtual void __cdecl TextBox::MousePressed(int,int,bool)" (?MousePressed@TextBox@@UEAAXHH_N@Z)
TextBox.obj : error LNK2019: unresolved external symbol "public: class std::basic_string<char,struct std::char_traits<char>,class std::allocator<char> > __cdecl Widget::GetText(void)" (?GetText@Widget@@QEAA?AV?$basic_string@DU?$char_traits@D@std@@V?$allocator@D@2@@std@@XZ) referenced in function "public: virtual void __cdecl TextBox::KeyDown(int,char)" (?KeyDown@TextBox@@UEAAXHD@Z)
TextBox.obj : error LNK2019: unresolved external symbol "public: virtual void __cdecl Widget::SetText(class std::basic_string<char,struct std::char_traits<char>,class std::allocator<char> >)" (?SetText@Widget@@UEAAXV?$basic_string@DU?$char_traits@D@std@@V?$allocator@D@2@@std@@@Z) referenced in function "public: virtual void __cdecl TextBox::SetText(class std::basic_string<char,struct std::char_traits<char>,class std::allocator<char> >)" (?SetText@TextBox@@UEAAXV?$basic_string@DU?$char_traits@D@std@@V?$allocator@D@2@@std@@@Z)
TextBox.obj : error LNK2019: unresolved external symbol "public: virtual void __cdecl Widget::Draw(class Graphics,int,int,int)" (?Draw@Widget@@UEAAXVGraphics@@HHH@Z) referenced in function "public: virtual void __cdecl TextBox::Draw(class Graphics,int,int,int)" (?Draw@TextBox@@UEAAXVGraphics@@HHH@Z)
TextBox.obj : error LNK2001: unresolved external symbol "public: virtual void __cdecl Widget::OnFocusEvent(void)" (?OnFocusEvent@Widget@@UEAAXXZ)
TextBox.obj : error LNK2001: unresolved external symbol "public: virtual void __cdecl Widget::SetLayer(int)" (?SetLayer@Widget@@UEAAXH@Z)
TextBox.obj : error LNK2019: unresolved external symbol "public: __cdecl Widget::~Widget(void)" (??1Widget@@QEAA@XZ) referenced in function "int `public: __cdecl TextBox::TextBox(int)'::`1'::dtor$0" (?dtor$0@?0???0TextBox@@QEAA@H@Z@4HA)
MSVCRTD.lib(exe_main.obj) : error LNK2019: unresolved external symbol main referenced in function "int __cdecl invoke_main(void)" (?invoke_main@@YAHXZ)
C:\Users\user\Desktop\Widget\Widget\Widget\x64\Debug\TextBox.exe : fatal error LNK1120: 15 unresolved externals
