  Main.cpp
Main.obj : error LNK2001: unresolved external symbol "public: virtual __cdecl EventEngine::~EventEngine(void)" (??1EventEngine@@UEAA@XZ)
Main.obj : error LNK2001: unresolved external symbol "public: void __cdecl EventEngine::run(class Widget &)" (?run@EventEngine@@QEAAXAEAVWidget@@@Z)
Main.obj : error LNK2001: unresolved external symbol "public: __cdecl EventEngine::EventEngine(unsigned long,unsigned long)" (??0EventEngine@@QEAA@KK@Z)
Main.obj : error LNK2001: unresolved external symbol "public: __cdecl Button::~Button(void)" (??1Button@@QEAA@XZ)
Main.obj : error LNK2001: unresolved external symbol "public: void __cdecl Button::AddListener(class MouseListener &)" (?AddListener@Button@@QEAAXAEAVMouseListener@@@Z)
Main.obj : error LNK2001: unresolved external symbol "public: __cdecl Button::Button(int)" (??0Button@@QEAA@H@Z)
Main.obj : error LNK2001: unresolved external symbol "public: __cdecl CheckList::~CheckList(void)" (??1CheckList@@QEAA@XZ)
Main.obj : error LNK2001: unresolved external symbol "public: virtual void __cdecl CheckList::SetSelectedIndex(int)" (?SetSelectedIndex@CheckList@@UEAAXH@Z)
Main.obj : error LNK2001: unresolved external symbol "public: __cdecl CheckList::CheckList(int,class std::vector<class std::basic_string<char,struct std::char_traits<char>,class std::allocator<char> >,class std::allocator<class std::basic_string<char,struct std::char_traits<char>,class std::allocator<char> > > >)" (??0CheckList@@QEAA@HV?$vector@V?$basic_string@DU?$char_traits@D@std@@V?$allocator@D@2@@std@@V?$allocator@V?$basic_string@DU?$char_traits@D@std@@V?$allocator@D@2@@std@@@2@@std@@@Z)
Main.obj : error LNK2001: unresolved external symbol "void __cdecl DrawFrame(class Graphics &,int,int,int,int,char *)" (?DrawFrame@@YAXAEAVGraphics@@HHHHPEAD@Z)
Main.obj : error LNK2001: unresolved external symbol "public: __cdecl TextBox::~TextBox(void)" (??1TextBox@@QEAA@XZ)
Main.obj : error LNK2001: unresolved external symbol "public: virtual void __cdecl TextBox::SetText(class std::basic_string<char,struct std::char_traits<char>,class std::allocator<char> >)" (?SetText@TextBox@@UEAAXV?$basic_string@DU?$char_traits@D@std@@V?$allocator@D@2@@std@@@Z)
Main.obj : error LNK2001: unresolved external symbol "public: __cdecl TextBox::TextBox(int)" (??0TextBox@@QEAA@H@Z)
Main.obj : error LNK2001: unresolved external symbol "public: __cdecl NumericBox::~NumericBox(void)" (??1NumericBox@@QEAA@XZ)
Main.obj : error LNK2001: unresolved external symbol "public: bool __cdecl NumericBox::SetValue(int)" (?SetValue@NumericBox@@QEAA_NH@Z)
Main.obj : error LNK2001: unresolved external symbol "public: __cdecl NumericBox::NumericBox(int,int,int)" (??0NumericBox@@QEAA@HHH@Z)
Main.obj : error LNK2001: unresolved external symbol "public: static void __cdecl Widget::SetFocus(class Widget &)" (?SetFocus@Widget@@SAXAEAV1@@Z)
Main.obj : error LNK2001: unresolved external symbol "public: void __cdecl Widget::SetBorderDrawer(struct BorderDrawer &)" (?SetBorderDrawer@Widget@@QEAAXAEAUBorderDrawer@@@Z)
Main.obj : error LNK2001: unresolved external symbol "public: virtual void __cdecl Widget::SetText(class std::basic_string<char,struct std::char_traits<char>,class std::allocator<char> >)" (?SetText@Widget@@UEAAXV?$basic_string@DU?$char_traits@D@std@@V?$allocator@D@2@@std@@@Z)
Main.obj : error LNK2001: unresolved external symbol "public: void __cdecl Widget::SetBackground(enum Color)" (?SetBackground@Widget@@QEAAXW4Color@@@Z)
Main.obj : error LNK2001: unresolved external symbol "public: void __cdecl Widget::SetForeground(enum Color)" (?SetForeground@Widget@@QEAAXW4Color@@@Z)
Main.obj : error LNK2001: unresolved external symbol "public: __cdecl Panel::~Panel(void)" (??1Panel@@QEAA@XZ)
Main.obj : error LNK2001: unresolved external symbol "public: virtual void __cdecl Panel::SetLayer(int)" (?SetLayer@Panel@@UEAAXH@Z)
Main.obj : error LNK2001: unresolved external symbol "public: void __cdecl Panel::AddWidget(class Widget &,int,int)" (?AddWidget@Panel@@QEAAXAEAVWidget@@HH@Z)
Main.obj : error LNK2001: unresolved external symbol "public: __cdecl Panel::Panel(int,int)" (??0Panel@@QEAA@HH@Z)
Main.obj : error LNK2001: unresolved external symbol "public: __cdecl RadioList::~RadioList(void)" (??1RadioList@@QEAA@XZ)
Main.obj : error LNK2001: unresolved external symbol "public: __cdecl RadioList::RadioList(int,class std::vector<class std::basic_string<char,struct std::char_traits<char>,class std::allocator<char> >,class std::allocator<class std::basic_string<char,struct std::char_traits<char>,class std::allocator<char> > > >)" (??0RadioList@@QEAA@HV?$vector@V?$basic_string@DU?$char_traits@D@std@@V?$allocator@D@2@@std@@V?$allocator@V?$basic_string@DU?$char_traits@D@std@@V?$allocator@D@2@@std@@@2@@std@@@Z)
Main.obj : error LNK2001: unresolved external symbol "public: __cdecl ComboBox::~ComboBox(void)" (??1ComboBox@@QEAA@XZ)
Main.obj : error LNK2001: unresolved external symbol "public: virtual void __cdecl ComboBox::SetSelectedIndex(int)" (?SetSelectedIndex@ComboBox@@UEAAXH@Z)
Main.obj : error LNK2001: unresolved external symbol "public: __cdecl ComboBox::ComboBox(int,class std::vector<class std::basic_string<char,struct std::char_traits<char>,class std::allocator<char> >,class std::allocator<class std::basic_string<char,struct std::char_traits<char>,class std::allocator<char> > > >)" (??0ComboBox@@QEAA@HV?$vector@V?$basic_string@DU?$char_traits@D@std@@V?$allocator@D@2@@std@@V?$allocator@V?$basic_string@DU?$char_traits@D@std@@V?$allocator@D@2@@std@@@2@@std@@@Z)
Main.obj : error LNK2001: unresolved external symbol "public: __cdecl Label::~Label(void)" (??1Label@@QEAA@XZ)
Main.obj : error LNK2001: unresolved external symbol "public: __cdecl Label::Label(int)" (??0Label@@QEAA@H@Z)
C:\Users\user\Desktop\Widget\Widget\Widget\x64\Release\Main.exe : fatal error LNK1120: 32 unresolved externals
