  NumericBox.cpp
NumericBox.obj : error LNK2019: unresolved external symbol "public: int __cdecl Widget::GetWidth(void)" (?GetWidth@Widget@@QEAAHXZ) referenced in function "private: void __cdecl NumericBox::InitNumericBox(void)" (?InitNumericBox@NumericBox@@AEAAXXZ)
NumericBox.obj : error LNK2019: unresolved external symbol "public: int __cdecl Widget::GetX(void)" (?GetX@Widget@@QEAAHXZ) referenced in function "public: virtual void __cdecl NumericBox::MousePressed(int,int,bool)" (?MousePressed@NumericBox@@UEAAXHH_N@Z)
NumericBox.obj : error LNK2019: unresolved external symbol "public: int __cdecl Widget::GetY(void)" (?GetY@Widget@@QEAAHXZ) referenced in function "public: virtual void __cdecl NumericBox::MousePressed(int,int,bool)" (?MousePressed@NumericBox@@UEAAXHH_N@Z)
NumericBox.obj : error LNK2019: unresolved external symbol "public: class std::basic_string<char,struct std::char_traits<char>,class std::allocator<char> > __cdecl Widget::GetText(void)" (?GetText@Widget@@QEAA?AV?$basic_string@DU?$char_traits@D@std@@V?$allocator@D@2@@std@@XZ) referenced in function "public: virtual void __cdecl NumericBoxListener::MousePressed(class Widget &,int,int,bool)" (?MousePressed@NumericBoxListener@@UEAAXAEAVWidget@@HH_N@Z)
NumericBox.obj : error LNK2001: unresolved external symbol "public: virtual void __cdecl Widget::SetText(class std::basic_string<char,struct std::char_traits<char>,class std::allocator<char> >)" (?SetText@Widget@@UEAAXV?$basic_string@DU?$char_traits@D@std@@V?$allocator@D@2@@std@@@Z)
NumericBox.obj : error LNK2019: unresolved external symbol "public: bool __cdecl Widget::CheckPosition(int,int)const " (?CheckPosition@Widget@@QEBA_NHH@Z) referenced in function "public: virtual void __cdecl NumericBox::MousePressed(int,int,bool)" (?MousePressed@NumericBox@@UEAAXHH_N@Z)
NumericBox.obj : error LNK2019: unresolved external symbol "public: __cdecl Widget::~Widget(void)" (??1Widget@@QEAA@XZ) referenced in function "public: void * __cdecl Widget::`scalar deleting destructor'(unsigned int)" (??_GWidget@@QEAAPEAXI@Z)
NumericBox.obj : error LNK2019: unresolved external symbol "public: __cdecl Panel::Panel(int,int)" (??0Panel@@QEAA@HH@Z) referenced in function "public: __cdecl NumericBox::NumericBox(int,int,int)" (??0NumericBox@@QEAA@HHH@Z)
NumericBox.obj : error LNK2019: unresolved external symbol "public: void __cdecl Panel::AddWidget(class Widget &,int,int)" (?AddWidget@Panel@@QEAAXAEAVWidget@@HH@Z) referenced in function "private: void __cdecl NumericBox::InitNumericBox(void)" (?InitNumericBox@NumericBox@@AEAAXXZ)
NumericBox.obj : error LNK2001: unresolved external symbol "public: virtual void __cdecl Panel::KeyDown(int,char)" (?KeyDown@Panel@@UEAAXHD@Z)
NumericBox.obj : error LNK2001: unresolved external symbol "public: virtual void __cdecl Panel::Draw(class Graphics,int,int,int)" (?Draw@Panel@@UEAAXVGraphics@@HHH@Z)
NumericBox.obj : error LNK2001: unresolved external symbol "public: virtual void __cdecl Panel::OnFocusEvent(void)" (?OnFocusEvent@Panel@@UEAAXXZ)
NumericBox.obj : error LNK2001: unresolved external symbol "public: virtual void __cdecl Panel::SetLayer(int)" (?SetLayer@Panel@@UEAAXH@Z)
NumericBox.obj : error LNK2019: unresolved external symbol "public: __cdecl Panel::~Panel(void)" (??1Panel@@QEAA@XZ) referenced in function "int `public: __cdecl NumericBox::NumericBox(int,int,int)'::`1'::dtor$0" (?dtor$0@?0???0NumericBox@@QEAA@HHH@Z@4HA)
NumericBox.obj : error LNK2019: unresolved external symbol "public: __cdecl Label::Label(int)" (??0Label@@QEAA@H@Z) referenced in function "private: void __cdecl NumericBox::InitNumericBox(void)" (?InitNumericBox@NumericBox@@AEAAXXZ)
NumericBox.obj : error LNK2019: unresolved external symbol "public: __cdecl Button::Button(int)" (??0Button@@QEAA@H@Z) referenced in function "private: void __cdecl NumericBox::InitNumericBox(void)" (?InitNumericBox@NumericBox@@AEAAXXZ)
NumericBox.obj : error LNK2019: unresolved external symbol "public: void __cdecl Button::AddListener(class MouseListener &)" (?AddListener@Button@@QEAAXAEAVMouseListener@@@Z) referenced in function "private: void __cdecl NumericBox::InitNumericBox(void)" (?InitNumericBox@NumericBox@@AEAAXXZ)
MSVCRTD.lib(exe_main.obj) : error LNK2019: unresolved external symbol main referenced in function "int __cdecl invoke_main(void)" (?invoke_main@@YAHXZ)
C:\Users\user\Desktop\Widget\Widget\Widget\x64\Debug\NumericBox.exe : fatal error LNK1120: 18 unresolved externals
