  Main.cpp
Main.obj : error LNK2001: unresolved external symbol "public: virtual __thiscall EventEngine::~EventEngine(void)" (??1EventEngine@@UAE@XZ)
Main.obj : error LNK2001: unresolved external symbol "public: void __thiscall EventEngine::run(class Widget &)" (?run@EventEngine@@QAEXAAVWidget@@@Z)
Main.obj : error LNK2001: unresolved external symbol "public: __thiscall EventEngine::EventEngine(unsigned long,unsigned long)" (??0EventEngine@@QAE@KK@Z)
Main.obj : error LNK2001: unresolved external symbol "public: __thiscall Button::~Button(void)" (??1Button@@QAE@XZ)
Main.obj : error LNK2001: unresolved external symbol "public: void __thiscall Button::AddListener(class MouseListener &)" (?AddListener@Button@@QAEXAAVMouseListener@@@Z)
Main.obj : error LNK2001: unresolved external symbol "public: __thiscall Button::Button(int)" (??0Button@@QAE@H@Z)
Main.obj : error LNK2001: unresolved external symbol "public: __thiscall CheckList::~CheckList(void)" (??1CheckList@@QAE@XZ)
Main.obj : error LNK2001: unresolved external symbol "public: virtual void __thiscall CheckList::SetSelectedIndex(int)" (?SetSelectedIndex@CheckList@@UAEXH@Z)
Main.obj : error LNK2001: unresolved external symbol "public: __thiscall CheckList::CheckList(int,class std::vector<class std::basic_string<char,struct std::char_traits<char>,class std::allocator<char> >,class std::allocator<class std::basic_string<char,struct std::char_traits<char>,class std::allocator<char> > > >)" (??0CheckList@@QAE@HV?$vector@V?$basic_string@DU?$char_traits@D@std@@V?$allocator@D@2@@std@@V?$allocator@V?$basic_string@DU?$char_traits@D@std@@V?$allocator@D@2@@std@@@2@@std@@@Z)
Main.obj : error LNK2001: unresolved external symbol "void __cdecl DrawFrame(class Graphics &,int,int,int,int,char *)" (?DrawFrame@@YAXAAVGraphics@@HHHHPAD@Z)
Main.obj : error LNK2001: unresolved external symbol "public: __thiscall TextBox::~TextBox(void)" (??1TextBox@@QAE@XZ)
Main.obj : error LNK2001: unresolved external symbol "public: virtual void __thiscall TextBox::SetText(class std::basic_string<char,struct std::char_traits<char>,class std::allocator<char> >)" (?SetText@TextBox@@UAEXV?$basic_string@DU?$char_traits@D@std@@V?$allocator@D@2@@std@@@Z)
Main.obj : error LNK2001: unresolved external symbol "public: __thiscall TextBox::TextBox(int)" (??0TextBox@@QAE@H@Z)
Main.obj : error LNK2001: unresolved external symbol "public: __thiscall NumericBox::~NumericBox(void)" (??1NumericBox@@QAE@XZ)
Main.obj : error LNK2001: unresolved external symbol "public: bool __thiscall NumericBox::SetValue(int)" (?SetValue@NumericBox@@QAE_NH@Z)
Main.obj : error LNK2001: unresolved external symbol "public: __thiscall NumericBox::NumericBox(int,int,int)" (??0NumericBox@@QAE@HHH@Z)
Main.obj : error LNK2001: unresolved external symbol "public: static void __cdecl Widget::SetFocus(class Widget &)" (?SetFocus@Widget@@SAXAAV1@@Z)
Main.obj : error LNK2001: unresolved external symbol "public: void __thiscall Widget::SetBorderDrawer(struct BorderDrawer &)" (?SetBorderDrawer@Widget@@QAEXAAUBorderDrawer@@@Z)
Main.obj : error LNK2001: unresolved external symbol "public: virtual void __thiscall Widget::SetText(class std::basic_string<char,struct std::char_traits<char>,class std::allocator<char> >)" (?SetText@Widget@@UAEXV?$basic_string@DU?$char_traits@D@std@@V?$allocator@D@2@@std@@@Z)
Main.obj : error LNK2001: unresolved external symbol "public: void __thiscall Widget::SetBackground(enum Color)" (?SetBackground@Widget@@QAEXW4Color@@@Z)
Main.obj : error LNK2001: unresolved external symbol "public: void __thiscall Widget::SetForeground(enum Color)" (?SetForeground@Widget@@QAEXW4Color@@@Z)
Main.obj : error LNK2001: unresolved external symbol "public: __thiscall Panel::~Panel(void)" (??1Panel@@QAE@XZ)
Main.obj : error LNK2001: unresolved external symbol "public: virtual void __thiscall Panel::SetLayer(int)" (?SetLayer@Panel@@UAEXH@Z)
Main.obj : error LNK2001: unresolved external symbol "public: void __thiscall Panel::AddWidget(class Widget &,int,int)" (?AddWidget@Panel@@QAEXAAVWidget@@HH@Z)
Main.obj : error LNK2001: unresolved external symbol "public: __thiscall Panel::Panel(int,int)" (??0Panel@@QAE@HH@Z)
Main.obj : error LNK2001: unresolved external symbol "public: __thiscall RadioList::~RadioList(void)" (??1RadioList@@QAE@XZ)
Main.obj : error LNK2001: unresolved external symbol "public: __thiscall RadioList::RadioList(int,class std::vector<class std::basic_string<char,struct std::char_traits<char>,class std::allocator<char> >,class std::allocator<class std::basic_string<char,struct std::char_traits<char>,class std::allocator<char> > > >)" (??0RadioList@@QAE@HV?$vector@V?$basic_string@DU?$char_traits@D@std@@V?$allocator@D@2@@std@@V?$allocator@V?$basic_string@DU?$char_traits@D@std@@V?$allocator@D@2@@std@@@2@@std@@@Z)
ComboBox.lib(ComboBox.obj) : error LNK2001: unresolved external symbol "public: int __thiscall Widget::GetLayer(void)" (?GetLayer@Widget@@QAEHXZ)
ComboBox.lib(ComboBox.obj) : error LNK2001: unresolved external symbol "public: virtual void __thiscall Widget::Draw(class Graphics,int,int,int)" (?Draw@Widget@@UAEXVGraphics@@HHH@Z)
ComboBox.lib(ComboBox.obj) : error LNK2001: unresolved external symbol "public: class std::basic_string<char,struct std::char_traits<char>,class std::allocator<char> > __thiscall Widget::GetText(void)" (?GetText@Widget@@QAE?AV?$basic_string@DU?$char_traits@D@std@@V?$allocator@D@2@@std@@XZ)
ComboBox.lib(ComboBox.obj) : error LNK2001: unresolved external symbol "public: int __thiscall Widget::GetY(void)" (?GetY@Widget@@QAEHXZ)
ComboBox.lib(ComboBox.obj) : error LNK2001: unresolved external symbol "public: int __thiscall Widget::GetX(void)" (?GetX@Widget@@QAEHXZ)
ComboBox.lib(ComboBox.obj) : error LNK2001: unresolved external symbol "public: void __thiscall Widget::SetHeight(int)" (?SetHeight@Widget@@QAEXH@Z)
ComboBox.lib(ComboBox.obj) : error LNK2001: unresolved external symbol "public: virtual void __thiscall Panel::Draw(class Graphics,int,int,int)" (?Draw@Panel@@UAEXVGraphics@@HHH@Z)
ComboBox.lib(ComboBox.obj) : error LNK2001: unresolved external symbol "public: __thiscall LabelContainer::~LabelContainer(void)" (??1LabelContainer@@QAE@XZ)
ComboBox.lib(ComboBox.obj) : error LNK2001: unresolved external symbol "public: virtual void __thiscall LabelContainer::OnFocusEvent(void)" (?OnFocusEvent@LabelContainer@@UAEXXZ)
ComboBox.lib(ComboBox.obj) : error LNK2001: unresolved external symbol "public: __thiscall LabelContainer::LabelContainer(int,class std::vector<class std::basic_string<char,struct std::char_traits<char>,class std::allocator<char> >,class std::allocator<class std::basic_string<char,struct std::char_traits<char>,class std::allocator<char> > > >,bool)" (??0LabelContainer@@QAE@HV?$vector@V?$basic_string@DU?$char_traits@D@std@@V?$allocator@D@2@@std@@V?$allocator@V?$basic_string@DU?$char_traits@D@std@@V?$allocator@D@2@@std@@@2@@std@@_N@Z)
ComboBox.lib(ComboBox.obj) : error LNK2001: unresolved external symbol "protected: virtual void __thiscall LabelContainer::AddItem(class std::basic_string<char,struct std::char_traits<char>,class std::allocator<char> >,int)" (?AddItem@LabelContainer@@MAEXV?$basic_string@DU?$char_traits@D@std@@V?$allocator@D@2@@std@@H@Z)
Label.lib(Label.obj) : error LNK2001: unresolved external symbol "public: __thiscall Widget::~Widget(void)" (??1Widget@@QAE@XZ)
Label.lib(Label.obj) : error LNK2001: unresolved external symbol "public: virtual void __thiscall Widget::SetLayer(int)" (?SetLayer@Widget@@UAEXH@Z)
Label.lib(Label.obj) : error LNK2001: unresolved external symbol "public: virtual void __thiscall Widget::OnFocusEvent(void)" (?OnFocusEvent@Widget@@UAEXXZ)
Label.lib(Label.obj) : error LNK2001: unresolved external symbol "public: __thiscall Widget::Widget(int,int)" (??0Widget@@QAE@HH@Z)
C:\Users\user\Desktop\Widget\Widget\Widget\Release\Main.exe : fatal error LNK1120: 42 unresolved externals
