  NumericBox.cpp
NumericBox.obj : error LNK2001: unresolved external symbol "public: void __thiscall Button::AddListener(class MouseListener &)" (?AddListener@Button@@QAEXAAVMouseListener@@@Z)
NumericBox.obj : error LNK2001: unresolved external symbol "public: __thiscall Button::Button(int)" (??0Button@@QAE@H@Z)
NumericBox.obj : error LNK2001: unresolved external symbol "public: __thiscall Widget::~Widget(void)" (??1Widget@@QAE@XZ)
NumericBox.obj : error LNK2001: unresolved external symbol "public: bool __thiscall Widget::CheckPosition(int,int)const " (?CheckPosition@Widget@@QBE_NHH@Z)
NumericBox.obj : error LNK2001: unresolved external symbol "public: virtual void __thiscall Widget::SetText(class std::basic_string<char,struct std::char_traits<char>,class std::allocator<char> >)" (?SetText@Widget@@UAEXV?$basic_string@DU?$char_traits@D@std@@V?$allocator@D@2@@std@@@Z)
NumericBox.obj : error LNK2001: unresolved external symbol "public: class std::basic_string<char,struct std::char_traits<char>,class std::allocator<char> > __thiscall Widget::GetText(void)" (?GetText@Widget@@QAE?AV?$basic_string@DU?$char_traits@D@std@@V?$allocator@D@2@@std@@XZ)
NumericBox.obj : error LNK2001: unresolved external symbol "public: int __thiscall Widget::GetY(void)" (?GetY@Widget@@QAEHXZ)
NumericBox.obj : error LNK2001: unresolved external symbol "public: int __thiscall Widget::GetX(void)" (?GetX@Widget@@QAEHXZ)
NumericBox.obj : error LNK2001: unresolved external symbol "public: int __thiscall Widget::GetWidth(void)" (?GetWidth@Widget@@QAEHXZ)
NumericBox.obj : error LNK2001: unresolved external symbol "public: __thiscall Panel::~Panel(void)" (??1Panel@@QAE@XZ)
NumericBox.obj : error LNK2001: unresolved external symbol "public: virtual void __thiscall Panel::SetLayer(int)" (?SetLayer@Panel@@UAEXH@Z)
NumericBox.obj : error LNK2001: unresolved external symbol "public: virtual void __thiscall Panel::OnFocusEvent(void)" (?OnFocusEvent@Panel@@UAEXXZ)
NumericBox.obj : error LNK2001: unresolved external symbol "public: virtual void __thiscall Panel::Draw(class Graphics,int,int,int)" (?Draw@Panel@@UAEXVGraphics@@HHH@Z)
NumericBox.obj : error LNK2001: unresolved external symbol "public: virtual void __thiscall Panel::KeyDown(int,char)" (?KeyDown@Panel@@UAEXHD@Z)
NumericBox.obj : error LNK2001: unresolved external symbol "public: void __thiscall Panel::AddWidget(class Widget &,int,int)" (?AddWidget@Panel@@QAEXAAVWidget@@HH@Z)
NumericBox.obj : error LNK2001: unresolved external symbol "public: __thiscall Panel::Panel(int,int)" (??0Panel@@QAE@HH@Z)
Label.lib(Label.obj) : error LNK2001: unresolved external symbol "public: virtual void __thiscall Widget::SetLayer(int)" (?SetLayer@Widget@@UAEXH@Z)
Label.lib(Label.obj) : error LNK2001: unresolved external symbol "public: virtual void __thiscall Widget::OnFocusEvent(void)" (?OnFocusEvent@Widget@@UAEXXZ)
Label.lib(Label.obj) : error LNK2001: unresolved external symbol "public: virtual void __thiscall Widget::Draw(class Graphics,int,int,int)" (?Draw@Widget@@UAEXVGraphics@@HHH@Z)
Label.lib(Label.obj) : error LNK2001: unresolved external symbol "public: __thiscall Widget::Widget(int,int)" (??0Widget@@QAE@HH@Z)
MSVCRT.lib(exe_main.obj) : error LNK2001: unresolved external symbol _main
C:\Users\user\Desktop\Widget\Widget\Widget\Release\NumericBox.exe : fatal error LNK1120: 21 unresolved externals
